mode: set
interview-telkom-6/service/cart_service.go:29.16,33.2 1 0
interview-telkom-6/service/cart_service.go:35.82,36.21 1 0
interview-telkom-6/service/cart_service.go:40.2,43.16 4 0
interview-telkom-6/service/cart_service.go:52.2,53.16 2 0
interview-telkom-6/service/cart_service.go:58.2,58.12 1 0
interview-telkom-6/service/cart_service.go:36.21,38.3 1 0
interview-telkom-6/service/cart_service.go:43.16,45.27 2 0
interview-telkom-6/service/cart_service.go:49.3,49.13 1 0
interview-telkom-6/service/cart_service.go:45.27,47.4 1 0
interview-telkom-6/service/cart_service.go:53.16,56.3 2 0
interview-telkom-6/service/cart_service.go:63.3,66.24 3 0
interview-telkom-6/service/cart_service.go:70.2,71.16 2 0
interview-telkom-6/service/cart_service.go:79.2,88.24 5 0
interview-telkom-6/service/cart_service.go:92.2,92.27 1 0
interview-telkom-6/service/cart_service.go:103.2,104.16 2 0
interview-telkom-6/service/cart_service.go:109.2,109.34 1 0
interview-telkom-6/service/cart_service.go:133.2,133.19 1 0
interview-telkom-6/service/cart_service.go:66.24,68.3 1 0
interview-telkom-6/service/cart_service.go:71.16,73.27 2 0
interview-telkom-6/service/cart_service.go:76.3,76.18 1 0
interview-telkom-6/service/cart_service.go:73.27,75.4 1 0
interview-telkom-6/service/cart_service.go:88.24,90.3 1 0
interview-telkom-6/service/cart_service.go:92.27,102.3 2 0
interview-telkom-6/service/cart_service.go:104.16,107.3 2 0
interview-telkom-6/service/cart_service.go:109.34,117.17 5 0
interview-telkom-6/service/cart_service.go:122.3,130.43 8 0
interview-telkom-6/service/cart_service.go:117.17,120.4 2 0
interview-telkom-6/service/cart_service.go:136.119,138.16 2 0
interview-telkom-6/service/cart_service.go:143.2,146.40 4 0
interview-telkom-6/service/cart_service.go:151.2,154.16 4 0
interview-telkom-6/service/cart_service.go:162.2,166.30 3 0
interview-telkom-6/service/cart_service.go:224.2,226.16 3 0
interview-telkom-6/service/cart_service.go:235.2,236.16 2 0
interview-telkom-6/service/cart_service.go:245.2,245.36 1 0
interview-telkom-6/service/cart_service.go:250.2,252.16 3 0
interview-telkom-6/service/cart_service.go:257.2,257.17 1 0
interview-telkom-6/service/cart_service.go:138.16,141.3 2 0
interview-telkom-6/service/cart_service.go:146.40,149.3 2 0
interview-telkom-6/service/cart_service.go:154.16,156.27 2 0
interview-telkom-6/service/cart_service.go:159.3,159.18 1 0
interview-telkom-6/service/cart_service.go:156.27,158.4 1 0
interview-telkom-6/service/cart_service.go:166.30,170.41 4 0
interview-telkom-6/service/cart_service.go:180.3,180.27 1 0
interview-telkom-6/service/cart_service.go:198.3,200.17 3 0
interview-telkom-6/service/cart_service.go:208.3,208.37 1 0
interview-telkom-6/service/cart_service.go:213.3,215.17 3 0
interview-telkom-6/service/cart_service.go:220.3,220.18 1 0
interview-telkom-6/service/cart_service.go:170.41,172.40 2 0
interview-telkom-6/service/cart_service.go:176.4,176.19 1 0
interview-telkom-6/service/cart_service.go:172.40,175.5 2 0
interview-telkom-6/service/cart_service.go:180.27,182.18 2 0
interview-telkom-6/service/cart_service.go:190.4,190.38 1 0
interview-telkom-6/service/cart_service.go:194.4,194.19 1 0
interview-telkom-6/service/cart_service.go:182.18,184.41 2 0
interview-telkom-6/service/cart_service.go:188.5,188.20 1 0
interview-telkom-6/service/cart_service.go:184.41,187.6 2 0
interview-telkom-6/service/cart_service.go:190.38,193.5 2 0
interview-telkom-6/service/cart_service.go:200.17,202.40 2 0
interview-telkom-6/service/cart_service.go:206.4,206.19 1 0
interview-telkom-6/service/cart_service.go:202.40,205.5 2 0
interview-telkom-6/service/cart_service.go:208.37,211.4 2 0
interview-telkom-6/service/cart_service.go:215.17,218.4 2 0
interview-telkom-6/service/cart_service.go:226.16,228.39 2 0
interview-telkom-6/service/cart_service.go:232.3,232.18 1 0
interview-telkom-6/service/cart_service.go:228.39,231.4 2 0
interview-telkom-6/service/cart_service.go:236.16,238.39 2 0
interview-telkom-6/service/cart_service.go:242.3,242.18 1 0
interview-telkom-6/service/cart_service.go:238.39,241.4 2 0
interview-telkom-6/service/cart_service.go:245.36,248.3 2 0
interview-telkom-6/service/cart_service.go:252.16,255.3 2 0
interview-telkom-6/service/cart_service.go:263.15,271.16 3 0
interview-telkom-6/service/cart_service.go:276.2,276.12 1 0
interview-telkom-6/service/cart_service.go:271.16,274.3 2 0
interview-telkom-6/service/product_service.go:23.19,27.2 1 1
interview-telkom-6/service/product_service.go:31.3,35.22 3 0
interview-telkom-6/service/product_service.go:40.2,49.16 8 0
interview-telkom-6/service/product_service.go:54.2,54.30 1 0
interview-telkom-6/service/product_service.go:71.2,72.16 2 0
interview-telkom-6/service/product_service.go:77.2,77.71 1 0
interview-telkom-6/service/product_service.go:35.22,38.3 2 0
interview-telkom-6/service/product_service.go:49.16,52.3 2 0
interview-telkom-6/service/product_service.go:54.30,69.3 2 0
interview-telkom-6/service/product_service.go:72.16,75.3 2 0
interview-telkom-6/service/product_service.go:80.97,85.40 4 1
interview-telkom-6/service/product_service.go:90.2,90.24 1 1
interview-telkom-6/service/product_service.go:95.2,100.20 2 1
interview-telkom-6/service/product_service.go:125.2,126.16 2 1
interview-telkom-6/service/product_service.go:131.2,131.12 1 1
interview-telkom-6/service/product_service.go:85.40,88.3 2 0
interview-telkom-6/service/product_service.go:90.24,92.3 1 0
interview-telkom-6/service/product_service.go:100.20,102.17 2 1
interview-telkom-6/service/product_service.go:107.3,108.17 2 1
interview-telkom-6/service/product_service.go:113.3,122.89 4 1
interview-telkom-6/service/product_service.go:102.17,105.4 2 0
interview-telkom-6/service/product_service.go:108.17,111.4 2 0
interview-telkom-6/service/product_service.go:126.16,129.3 2 0
